<?xml version="1.0" encoding="UTF-8"?>
<!-- Generated by org.testng.reporters.JUnitXMLReporter -->
<testsuite hostname="PUN-NB-LE2J1Q1" ignored="2" name="Test" tests="3" failures="1" timestamp="2021-12-21T11:57:10 IST" time="29.97" errors="0">
  <testcase name="testexecute3" time="25.37" classname="testscripts.testjava3"/>
  <testcase name="testexecute1" time="25.377" classname="testscripts.testjava1">
    <failure type="java.lang.AssertionError" message="expected [true] but found [false]">
      <![CDATA[java.lang.AssertionError: expected [true] but found [false]
at testscripts.testjava1.testexecute1(testjava1.java:21)
at java.util.concurrent.ThreadPoolExecutor.runWorker(ThreadPoolExecutor.java:1149)
at java.util.concurrent.ThreadPoolExecutor$Worker.run(ThreadPoolExecutor.java:624)
at java.lang.Thread.run(Thread.java:748)
... Removed 16 stack frames]]>
    </failure>
  </testcase> <!-- testexecute1 -->
  <testcase name="testexecute2" time="25.382" classname="testscripts.testjava2"/>
  <testcase name="@BeforeSuite initializeDriver" time="0.0" classname="basepackage.baseclass">
    <ignored/>
  </testcase> <!-- @BeforeSuite initializeDriver -->
  <testcase name="@BeforeSuite initializeDriver" time="0.0" classname="basepackage.baseclass">
    <ignored/>
  </testcase> <!-- @BeforeSuite initializeDriver -->
</testsuite> <!-- Test -->
